<?xml version="1.0" encoding="UTF-8"?>
<!-- Generated by org.testng.reporters.JUnitXMLReporter -->
<testsuite hostname="LAPTOP-6P4CQ5M9" ignored="0" name="Free CRM App Test Cases" tests="2" failures="1" timestamp="13 Oct 2018 10:40:30 GMT" time="398.168" errors="0">
  <testcase name="validateBrokenLinks" time="316.51" classname="com.crm.qa.testcases.HomePageTest">
    <failure type="java.net.UnknownHostException" message="%20%3Ca%20href%3D">
      <![CDATA[java.net.UnknownHostException: %20%3Ca%20href%3D
at java.net.AbstractPlainSocketImpl.connect(Unknown Source)
at java.net.PlainSocketImpl.connect(Unknown Source)
at java.net.SocksSocketImpl.connect(Unknown Source)
at java.net.Socket.connect(Unknown Source)
at java.net.Socket.connect(Unknown Source)
at sun.net.NetworkClient.doConnect(Unknown Source)
at sun.net.www.http.HttpClient.openServer(Unknown Source)
at sun.net.www.http.HttpClient.openServer(Unknown Source)
at sun.net.www.http.HttpClient.<init>(Unknown Source)
at sun.net.www.http.HttpClient.New(Unknown Source)
at sun.net.www.http.HttpClient.New(Unknown Source)
at sun.net.www.protocol.http.HttpURLConnection.getNewHttpClient(Unknown Source)
at sun.net.www.protocol.http.HttpURLConnection.plainConnect0(Unknown Source)
at sun.net.www.protocol.http.HttpURLConnection.plainConnect(Unknown Source)
at sun.net.www.protocol.http.HttpURLConnection.connect(Unknown Source)
at com.crm.qa.pages.HomePage.brokenlinks(HomePage.java:95)
at com.crm.qa.testcases.HomePageTest.validateBrokenLinks(HomePageTest.java:60)
... Removed 25 stack frames]]>
    </failure>
  </testcase> <!-- validateBrokenLinks -->
  <testcase name="LoginPageTitleTest" time="0.017" classname="com.crm.qa.testcases.LoginPageTest"/>
</testsuite> <!-- Free CRM App Test Cases -->
